# JRE version: OpenJDK Runtime Environment (8.0_242-b01) (build 1.8.0_242-release-1644-b01)
# Java VM: OpenJDK 64-Bit Server VM (25.242-b01 mixed mode windows-amd64 compressed oops)
Heap:
 PSYoungGen      total 482816K, used 197314K [0x00000000d5580000, 0x00000000f6200000, 0x0000000100000000)
  eden space 439296K, 44% used [0x00000000d5580000,0x00000000e124f198,0x00000000f0280000)
  from space 43520K, 9% used [0x00000000f0280000,0x00000000f0661710,0x00000000f2d00000)
  to   space 43520K, 0% used [0x00000000f2d00000,0x00000000f2d00000,0x00000000f5780000)
 ParOldGen       total 197120K, used 130709K [0x0000000080000000, 0x000000008c080000, 0x00000000d5580000)
  object space 197120K, 66% used [0x0000000080000000,0x0000000087fa55d0,0x000000008c080000)
 Metaspace       used 110082K, capacity 116122K, committed 116172K, reserved 1150976K
  class space    used 14424K, capacity 15585K, committed 15616K, reserved 1048576K
GC Heap History (10 events):
Event: 237.702 GC heap before
{Heap before GC invocations=23 (full 4):
 PSYoungGen      total 482816K, used 449586K [0x00000000d5580000, 0x00000000f6200000, 0x0000000100000000)
  eden space 439296K, 100% used [0x00000000d5580000,0x00000000f0280000,0x00000000f0280000)
  from space 43520K, 23% used [0x00000000f2d00000,0x00000000f370c8b0,0x00000000f5780000)
  to   space 43520K, 0% used [0x00000000f0280000,0x00000000f0280000,0x00000000f2d00000)
 ParOldGen       total 197120K, used 107065K [0x0000000080000000, 0x000000008c080000, 0x00000000d5580000)
  object space 197120K, 54% used [0x0000000080000000,0x000000008688e550,0x000000008c080000)
 Metaspace       used 109967K, capacity 116040K, committed 116172K, reserved 1150976K
  class space    used 14423K, capacity 15584K, committed 15616K, reserved 1048576K
Event: 237.764 GC heap after
Heap after GC invocations=23 (full 4):
 PSYoungGen      total 482816K, used 20450K [0x00000000d5580000, 0x00000000f6200000, 0x0000000100000000)
  eden space 439296K, 0% used [0x00000000d5580000,0x00000000d5580000,0x00000000f0280000)
  from space 43520K, 46% used [0x00000000f0280000,0x00000000f1678880,0x00000000f2d00000)
  to   space 43520K, 0% used [0x00000000f2d00000,0x00000000f2d00000,0x00000000f5780000)
 ParOldGen       total 197120K, used 107073K [0x0000000080000000, 0x000000008c080000, 0x00000000d5580000)
  object space 197120K, 54% used [0x0000000080000000,0x0000000086890550,0x000000008c080000)
 Metaspace       used 109967K, capacity 116040K, committed 116172K, reserved 1150976K
  class space    used 14423K, capacity 15584K, committed 15616K, reserved 1048576K
}
Event: 239.861 GC heap before
{Heap before GC invocations=24 (full 4):
 PSYoungGen      total 482816K, used 459746K [0x00000000d5580000, 0x00000000f6200000, 0x0000000100000000)
  eden space 439296K, 100% used [0x00000000d5580000,0x00000000f0280000,0x00000000f0280000)
  from space 43520K, 46% used [0x00000000f0280000,0x00000000f1678880,0x00000000f2d00000)
  to   space 43520K, 0% used [0x00000000f2d00000,0x00000000f2d00000,0x00000000f5780000)
 ParOldGen       total 197120K, used 107073K [0x0000000080000000, 0x000000008c080000, 0x00000000d5580000)
  object space 197120K, 54% used [0x0000000080000000,0x0000000086890550,0x000000008c080000)
 Metaspace       used 109976K, capacity 116040K, committed 116172K, reserved 1150976K
  class space    used 14423K, capacity 15584K, committed 15616K, reserved 1048576K
Event: 239.949 GC heap after
Heap after GC invocations=24 (full 4):
 PSYoungGen      total 482816K, used 21927K [0x00000000d5580000, 0x00000000f6200000, 0x0000000100000000)
  eden space 439296K, 0% used [0x00000000d5580000,0x00000000d5580000,0x00000000f0280000)
  from space 43520K, 50% used [0x00000000f2d00000,0x00000000f4269c98,0x00000000f5780000)
  to   space 43520K, 0% used [0x00000000f0280000,0x00000000f0280000,0x00000000f2d00000)
 ParOldGen       total 197120K, used 109832K [0x0000000080000000, 0x000000008c080000, 0x00000000d5580000)
  object space 197120K, 55% used [0x0000000080000000,0x0000000086b422b0,0x000000008c080000)
 Metaspace       used 109976K, capacity 116040K, committed 116172K, reserved 1150976K
  class space    used 14423K, capacity 15584K, committed 15616K, reserved 1048576K
}
Event: 242.146 GC heap before
{Heap before GC invocations=25 (full 4):
 PSYoungGen      total 482816K, used 461223K [0x00000000d5580000, 0x00000000f6200000, 0x0000000100000000)
  eden space 439296K, 100% used [0x00000000d5580000,0x00000000f0280000,0x00000000f0280000)
  from space 43520K, 50% used [0x00000000f2d00000,0x00000000f4269c98,0x00000000f5780000)
  to   space 43520K, 0% used [0x00000000f0280000,0x00000000f0280000,0x00000000f2d00000)
 ParOldGen       total 197120K, used 109832K [0x0000000080000000, 0x000000008c080000, 0x00000000d5580000)
  object space 197120K, 55% used [0x0000000080000000,0x0000000086b422b0,0x000000008c080000)
 Metaspace       used 109986K, capacity 116042K, committed 116172K, reserved 1150976K
  class space    used 14424K, capacity 15585K, committed 15616K, reserved 1048576K
Event: 242.211 GC heap after
Heap after GC invocations=25 (full 4):
 PSYoungGen      total 482816K, used 16963K [0x00000000d5580000, 0x00000000f6200000, 0x0000000100000000)
  eden space 439296K, 0% used [0x00000000d5580000,0x00000000d5580000,0x00000000f0280000)
  from space 43520K, 38% used [0x00000000f0280000,0x00000000f1310f38,0x00000000f2d00000)
  to   space 43520K, 0% used [0x00000000f2d00000,0x00000000f2d00000,0x00000000f5780000)
 ParOldGen       total 197120K, used 114639K [0x0000000080000000, 0x000000008c080000, 0x00000000d5580000)
  object space 197120K, 58% used [0x0000000080000000,0x0000000086ff3fb0,0x000000008c080000)
 Metaspace       used 109986K, capacity 116042K, committed 116172K, reserved 1150976K
  class space    used 14424K, capacity 15585K, committed 15616K, reserved 1048576K
}
Event: 244.815 GC heap before
{Heap before GC invocations=26 (full 4):
 PSYoungGen      total 482816K, used 456259K [0x00000000d5580000, 0x00000000f6200000, 0x0000000100000000)
  eden space 439296K, 100% used [0x00000000d5580000,0x00000000f0280000,0x00000000f0280000)
  from space 43520K, 38% used [0x00000000f0280000,0x00000000f1310f38,0x00000000f2d00000)
  to   space 43520K, 0% used [0x00000000f2d00000,0x00000000f2d00000,0x00000000f5780000)
 ParOldGen       total 197120K, used 114639K [0x0000000080000000, 0x000000008c080000, 0x00000000d5580000)
  object space 197120K, 58% used [0x0000000080000000,0x0000000086ff3fb0,0x000000008c080000)
 Metaspace       used 110060K, capacity 116114K, committed 116172K, reserved 1150976K
  class space    used 14424K, capacity 15585K, committed 15616K, reserved 1048576K
Event: 244.854 GC heap after
Heap after GC invocations=26 (full 4):
 PSYoungGen      total 482816K, used 13333K [0x00000000d5580000, 0x00000000f6200000, 0x0000000100000000)
  eden space 439296K, 0% used [0x00000000d5580000,0x00000000d5580000,0x00000000f0280000)
  from space 43520K, 30% used [0x00000000f2d00000,0x00000000f3a05748,0x00000000f5780000)
  to   space 43520K, 0% used [0x00000000f0280000,0x00000000f0280000,0x00000000f2d00000)
 ParOldGen       total 197120K, used 120223K [0x0000000080000000, 0x000000008c080000, 0x00000000d5580000)
  object space 197120K, 60% used [0x0000000080000000,0x0000000087567e78,0x000000008c080000)
 Metaspace       used 110060K, capacity 116114K, committed 116172K, reserved 1150976K
  class space    used 14424K, capacity 15585K, committed 15616K, reserved 1048576K
}
Event: 246.808 GC heap before
{Heap before GC invocations=27 (full 4):
 PSYoungGen      total 482816K, used 452629K [0x00000000d5580000, 0x00000000f6200000, 0x0000000100000000)
  eden space 439296K, 100% used [0x00000000d5580000,0x00000000f0280000,0x00000000f0280000)
  from space 43520K, 30% used [0x00000000f2d00000,0x00000000f3a05748,0x00000000f5780000)
  to   space 43520K, 0% used [0x00000000f0280000,0x00000000f0280000,0x00000000f2d00000)
 ParOldGen       total 197120K, used 120223K [0x0000000080000000, 0x000000008c080000, 0x00000000d5580000)
  object space 197120K, 60% used [0x0000000080000000,0x0000000087567e78,0x000000008c080000)
 Metaspace       used 110075K, capacity 116122K, committed 116172K, reserved 1150976K
  class space    used 14424K, capacity 15585K, committed 15616K, reserved 1048576K
Event: 246.857 GC heap after
Heap after GC invocations=27 (full 4):
 PSYoungGen      total 482816K, used 3973K [0x00000000d5580000, 0x00000000f6200000, 0x0000000100000000)
  eden space 439296K, 0% used [0x00000000d5580000,0x00000000d5580000,0x00000000f0280000)
  from space 43520K, 9% used [0x00000000f0280000,0x00000000f0661710,0x00000000f2d00000)
  to   space 43520K, 0% used [0x00000000f2d00000,0x00000000f2d00000,0x00000000f5780000)
 ParOldGen       total 197120K, used 130709K [0x0000000080000000, 0x000000008c080000, 0x00000000d5580000)
  object space 197120K, 66% used [0x0000000080000000,0x0000000087fa55d0,0x000000008c080000)
 Metaspace       used 110075K, capacity 116122K, committed 116172K, reserved 1150976K
  class space    used 14424K, capacity 15585K, committed 15616K, reserved 1048576K
}

