# JRE version: OpenJDK Runtime Environment (8.0_242-b01) (build 1.8.0_242-release-1644-b01)
# Java VM: OpenJDK 64-Bit Server VM (25.242-b01 mixed mode windows-amd64 compressed oops)
Heap:
 PSYoungGen      total 227840K, used 13517K [0x00000000d5580000, 0x00000000e4e00000, 0x0000000100000000)
  eden space 206336K, 6% used [0x00000000d5580000,0x00000000d62b3498,0x00000000e1f00000)
  from space 21504K, 0% used [0x00000000e2400000,0x00000000e2400000,0x00000000e3900000)
  to   space 16896K, 0% used [0x00000000e3d80000,0x00000000e3d80000,0x00000000e4e00000)
 ParOldGen       total 172544K, used 45077K [0x0000000080000000, 0x000000008a880000, 0x00000000d5580000)
  object space 172544K, 26% used [0x0000000080000000,0x0000000082c05790,0x000000008a880000)
 Metaspace       used 71579K, capacity 74516K, committed 74648K, reserved 1116160K
  class space    used 9802K, capacity 10409K, committed 10416K, reserved 1048576K
GC Heap History (10 events):
Event: 37.647 GC heap before
{Heap before GC invocations=17 (full 4):
 PSYoungGen      total 227840K, used 14685K [0x00000000d5580000, 0x00000000e4e00000, 0x0000000100000000)
  eden space 206336K, 0% used [0x00000000d5580000,0x00000000d5580000,0x00000000e1f00000)
  from space 21504K, 68% used [0x00000000e2400000,0x00000000e3257688,0x00000000e3900000)
  to   space 16896K, 0% used [0x00000000e3d80000,0x00000000e3d80000,0x00000000e4e00000)
 ParOldGen       total 172544K, used 32950K [0x0000000080000000, 0x000000008a880000, 0x00000000d5580000)
  object space 172544K, 19% used [0x0000000080000000,0x000000008202d9c8,0x000000008a880000)
 Metaspace       used 68117K, capacity 71004K, committed 71192K, reserved 1114112K
  class space    used 9340K, capacity 9905K, committed 10032K, reserved 1048576K
Event: 37.889 GC heap after
Heap after GC invocations=17 (full 4):
 PSYoungGen      total 227840K, used 0K [0x00000000d5580000, 0x00000000e4e00000, 0x0000000100000000)
  eden space 206336K, 0% used [0x00000000d5580000,0x00000000d5580000,0x00000000e1f00000)
  from space 21504K, 0% used [0x00000000e2400000,0x00000000e2400000,0x00000000e3900000)
  to   space 16896K, 0% used [0x00000000e3d80000,0x00000000e3d80000,0x00000000e4e00000)
 ParOldGen       total 172544K, used 43248K [0x0000000080000000, 0x000000008a880000, 0x00000000d5580000)
  object space 172544K, 25% used [0x0000000080000000,0x0000000082a3c0d0,0x000000008a880000)
 Metaspace       used 68082K, capacity 70904K, committed 71192K, reserved 1112064K
  class space    used 9329K, capacity 9885K, committed 10032K, reserved 1048576K
}
Event: 38.060 GC heap before
{Heap before GC invocations=18 (full 4):
 PSYoungGen      total 227840K, used 5471K [0x00000000d5580000, 0x00000000e4e00000, 0x0000000100000000)
  eden space 206336K, 2% used [0x00000000d5580000,0x00000000d5ad7f80,0x00000000e1f00000)
  from space 21504K, 0% used [0x00000000e2400000,0x00000000e2400000,0x00000000e3900000)
  to   space 16896K, 0% used [0x00000000e3d80000,0x00000000e3d80000,0x00000000e4e00000)
 ParOldGen       total 172544K, used 43248K [0x0000000080000000, 0x000000008a880000, 0x00000000d5580000)
  object space 172544K, 25% used [0x0000000080000000,0x0000000082a3c0d0,0x000000008a880000)
 Metaspace       used 68373K, capacity 71224K, committed 71448K, reserved 1116160K
  class space    used 9364K, capacity 9949K, committed 10032K, reserved 1048576K
Event: 38.063 GC heap after
Heap after GC invocations=18 (full 4):
 PSYoungGen      total 223232K, used 637K [0x00000000d5580000, 0x00000000e4e00000, 0x0000000100000000)
  eden space 206336K, 0% used [0x00000000d5580000,0x00000000d5580000,0x00000000e1f00000)
  from space 16896K, 3% used [0x00000000e3d80000,0x00000000e3e1f4e0,0x00000000e4e00000)
  to   space 21504K, 0% used [0x00000000e2400000,0x00000000e2400000,0x00000000e3900000)
 ParOldGen       total 172544K, used 43248K [0x0000000080000000, 0x000000008a880000, 0x00000000d5580000)
  object space 172544K, 25% used [0x0000000080000000,0x0000000082a3c0d0,0x000000008a880000)
 Metaspace       used 68373K, capacity 71224K, committed 71448K, reserved 1116160K
  class space    used 9364K, capacity 9949K, committed 10032K, reserved 1048576K
}
Event: 38.063 GC heap before
{Heap before GC invocations=19 (full 5):
 PSYoungGen      total 223232K, used 637K [0x00000000d5580000, 0x00000000e4e00000, 0x0000000100000000)
  eden space 206336K, 0% used [0x00000000d5580000,0x00000000d5580000,0x00000000e1f00000)
  from space 16896K, 3% used [0x00000000e3d80000,0x00000000e3e1f4e0,0x00000000e4e00000)
  to   space 21504K, 0% used [0x00000000e2400000,0x00000000e2400000,0x00000000e3900000)
 ParOldGen       total 172544K, used 43248K [0x0000000080000000, 0x000000008a880000, 0x00000000d5580000)
  object space 172544K, 25% used [0x0000000080000000,0x0000000082a3c0d0,0x000000008a880000)
 Metaspace       used 68373K, capacity 71224K, committed 71448K, reserved 1116160K
  class space    used 9364K, capacity 9949K, committed 10032K, reserved 1048576K
Event: 38.210 GC heap after
Heap after GC invocations=19 (full 5):
 PSYoungGen      total 223232K, used 0K [0x00000000d5580000, 0x00000000e4e00000, 0x0000000100000000)
  eden space 206336K, 0% used [0x00000000d5580000,0x00000000d5580000,0x00000000e1f00000)
  from space 16896K, 0% used [0x00000000e3d80000,0x00000000e3d80000,0x00000000e4e00000)
  to   space 21504K, 0% used [0x00000000e2400000,0x00000000e2400000,0x00000000e3900000)
 ParOldGen       total 172544K, used 41137K [0x0000000080000000, 0x000000008a880000, 0x00000000d5580000)
  object space 172544K, 23% used [0x0000000080000000,0x000000008282c688,0x000000008a880000)
 Metaspace       used 68373K, capacity 71224K, committed 71448K, reserved 1114112K
  class space    used 9364K, capacity 9949K, committed 10032K, reserved 1048576K
}
Event: 39.846 GC heap before
{Heap before GC invocations=20 (full 5):
 PSYoungGen      total 223232K, used 37199K [0x00000000d5580000, 0x00000000e4e00000, 0x0000000100000000)
  eden space 206336K, 18% used [0x00000000d5580000,0x00000000d79d3c10,0x00000000e1f00000)
  from space 16896K, 0% used [0x00000000e3d80000,0x00000000e3d80000,0x00000000e4e00000)
  to   space 21504K, 0% used [0x00000000e2400000,0x00000000e2400000,0x00000000e3900000)
 ParOldGen       total 172544K, used 41137K [0x0000000080000000, 0x000000008a880000, 0x00000000d5580000)
  object space 172544K, 23% used [0x0000000080000000,0x000000008282c688,0x000000008a880000)
 Metaspace       used 70198K, capacity 73026K, committed 73240K, reserved 1118208K
  class space    used 9595K, capacity 10180K, committed 10288K, reserved 1048576K
Event: 39.851 GC heap after
Heap after GC invocations=20 (full 5):
 PSYoungGen      total 227840K, used 4621K [0x00000000d5580000, 0x00000000e4e00000, 0x0000000100000000)
  eden space 206336K, 0% used [0x00000000d5580000,0x00000000d5580000,0x00000000e1f00000)
  from space 21504K, 21% used [0x00000000e2400000,0x00000000e28837f0,0x00000000e3900000)
  to   space 16896K, 0% used [0x00000000e3d80000,0x00000000e3d80000,0x00000000e4e00000)
 ParOldGen       total 172544K, used 41145K [0x0000000080000000, 0x000000008a880000, 0x00000000d5580000)
  object space 172544K, 23% used [0x0000000080000000,0x000000008282e688,0x000000008a880000)
 Metaspace       used 70198K, capacity 73026K, committed 73240K, reserved 1118208K
  class space    used 9595K, capacity 10180K, committed 10288K, reserved 1048576K
}
Event: 39.851 GC heap before
{Heap before GC invocations=21 (full 6):
 PSYoungGen      total 227840K, used 4621K [0x00000000d5580000, 0x00000000e4e00000, 0x0000000100000000)
  eden space 206336K, 0% used [0x00000000d5580000,0x00000000d5580000,0x00000000e1f00000)
  from space 21504K, 21% used [0x00000000e2400000,0x00000000e28837f0,0x00000000e3900000)
  to   space 16896K, 0% used [0x00000000e3d80000,0x00000000e3d80000,0x00000000e4e00000)
 ParOldGen       total 172544K, used 41145K [0x0000000080000000, 0x000000008a880000, 0x00000000d5580000)
  object space 172544K, 23% used [0x0000000080000000,0x000000008282e688,0x000000008a880000)
 Metaspace       used 70198K, capacity 73026K, committed 73240K, reserved 1118208K
  class space    used 9595K, capacity 10180K, committed 10288K, reserved 1048576K
Event: 39.972 GC heap after
Heap after GC invocations=21 (full 6):
 PSYoungGen      total 227840K, used 0K [0x00000000d5580000, 0x00000000e4e00000, 0x0000000100000000)
  eden space 206336K, 0% used [0x00000000d5580000,0x00000000d5580000,0x00000000e1f00000)
  from space 21504K, 0% used [0x00000000e2400000,0x00000000e2400000,0x00000000e3900000)
  to   space 16896K, 0% used [0x00000000e3d80000,0x00000000e3d80000,0x00000000e4e00000)
 ParOldGen       total 172544K, used 45077K [0x0000000080000000, 0x000000008a880000, 0x00000000d5580000)
  object space 172544K, 26% used [0x0000000080000000,0x0000000082c05790,0x000000008a880000)
 Metaspace       used 70198K, capacity 73026K, committed 73240K, reserved 1116160K
  class space    used 9595K, capacity 10180K, committed 10288K, reserved 1048576K
}

